<?xml version="1.0" encoding="UTF-8"?>
<!-- Generated by org.testng.reporters.JUnitReportReporter -->
<testsuite hostname="DESKTOP-M5M51V1" failures="0" tests="2" name="com.qa.openkart.tests.ProductInfoTest" time="12.413" errors="0" timestamp="1 Aug 2021 16:50:50 GMT">
  <testcase classname="com.qa.openkart.tests.ProductInfoTest" name="verifyAddToCart" time="3.748"/>
  <testcase classname="com.qa.openkart.tests.ProductInfoTest" name="verifyProductInfoTest" time="8.665"/>
</testsuite> <!-- com.qa.openkart.tests.ProductInfoTest -->
