<?xml version="1.0" encoding="UTF-8"?>
<!-- Generated by org.testng.reporters.JUnitReportReporter -->
<testsuite hostname="DESKTOP-M5M51V1" failures="0" tests="2" name="com.qa.openkart.tests.ProductInfoTest" time="9.176" errors="0" timestamp="2021-07-24T19:40:35 IST" skipped="0">
  <testcase classname="com.qa.openkart.tests.ProductInfoTest" name="verifyProductInfoTest" time="6.773"/>
  <system-out/>
  <testcase classname="com.qa.openkart.tests.ProductInfoTest" name="verifyAddToCart" time="2.403"/>
  <system-out/>
</testsuite> <!-- com.qa.openkart.tests.ProductInfoTest -->
