<?xml version="1.0" encoding="UTF-8"?>
<!-- Generated by org.testng.reporters.JUnitReportReporter -->
<testsuite hostname="DESKTOP-M5M51V1" failures="0" tests="3" name="com.qa.openkart.tests.RegistrationTest" time="46.189" errors="0" timestamp="2021-07-25T10:36:01 IST" skipped="0">
  <testcase classname="com.qa.openkart.tests.RegistrationTest" name="verifyRegisteration" time="15.062"/>
  <system-out/>
  <testcase classname="com.qa.openkart.tests.RegistrationTest" name="verifyRegisteration" time="15.486"/>
  <system-out/>
  <testcase classname="com.qa.openkart.tests.RegistrationTest" name="verifyRegisteration" time="15.641"/>
  <system-out/>
</testsuite> <!-- com.qa.openkart.tests.RegistrationTest -->
