<?xml version="1.0" encoding="UTF-8"?>
<!-- Generated by org.testng.reporters.JUnitReportReporter -->
<testsuite hostname="DESKTOP-M5M51V1" failures="0" tests="6" name="com.qa.openkart.tests.CartTest" time="13.561" errors="0" timestamp="1 Aug 2021 16:50:50 GMT">
  <testcase classname="com.qa.openkart.tests.CartTest" name="verifyEstimateTaxes" time="8.999"/>
  <testcase classname="com.qa.openkart.tests.CartTest" name="verifyCuponCode" time="0.573"/>
  <testcase classname="com.qa.openkart.tests.CartTest" name="verifyCartProductData" time="0.291"/>
  <testcase classname="com.qa.openkart.tests.CartTest" name="verifyGiftCertificate" time="3.232"/>
  <testcase classname="com.qa.openkart.tests.CartTest" name="verifyItemsinCart" time="0.406"/>
  <testcase classname="com.qa.openkart.tests.CartTest" name="verifyCartItemsNames" time="0.060"/>
</testsuite> <!-- com.qa.openkart.tests.CartTest -->
