<?xml version="1.0" encoding="UTF-8"?>
<!-- Generated by org.testng.reporters.JUnitReportReporter -->
<testsuite hostname="DESKTOP-M5M51V1" failures="0" tests="3" name="com.qa.openkart.tests.LoginPageTest" time="1.600" errors="0" timestamp="2021-07-25T14:09:02 IST" skipped="1">
  <testcase classname="com.qa.openkart.tests.LoginPageTest" name="loginpageTitleVerify" time="0.066"/>
  <system-out/>
  <testcase classname="com.qa.openkart.tests.LoginPageTest" name="forgotpassButtonVerify" time="1.534"/>
  <system-out/>
  <testcase classname="com.qa.openkart.tests.LoginPageTest" name="doLogin">
    <skipped/>
  </testcase> <!-- doLogin -->
  <system-out/>
</testsuite> <!-- com.qa.openkart.tests.LoginPageTest -->
